<?xml version="1.0" encoding="UTF-8"?>
<testsuite errors="0" failures="1" skipped="2" name="" tests="1" time="0.036899">
    <testcase classname="" name="" time="0.034703" assertions="5">
        <failure message="[curl] 7: Failed to connect to localhost port 8888: Connection refused [url] http://localhost:8888/" type="failed"><![CDATA[
exception 'Guzzle\Http\Exception\CurlException' with message '[curl] 7: Failed to connect to localhost port 8888: Connection refused [url] http://localhost:8888/' in /var/tools/vendor/guzzle/http/Guzzle/Http/Curl/CurlMulti.php:359
Stack trace:
#0 /var/tools/vendor/guzzle/http/Guzzle/Http/Curl/CurlMulti.php(292): Guzzle\Http\Curl\CurlMulti->isCurlException(Object(Guzzle\Http\Message\Request), Object(Guzzle\Http\Curl\CurlHandle), Array)
#1 /var/tools/vendor/guzzle/http/Guzzle/Http/Curl/CurlMulti.php(257): Guzzle\Http\Curl\CurlMulti->processResponse(Object(Guzzle\Http\Message\Request), Object(Guzzle\Http\Curl\CurlHandle), Array)
#2 /var/tools/vendor/guzzle/http/Guzzle/Http/Curl/CurlMulti.php(240): Guzzle\Http\Curl\CurlMulti->processMessages()
#3 /var/tools/vendor/guzzle/http/Guzzle/Http/Curl/CurlMulti.php(224): Guzzle\Http\Curl\CurlMulti->executeHandles()
#4 /var/tools/vendor/guzzle/http/Guzzle/Http/Curl/CurlMulti.php(111): Guzzle\Http\Curl\CurlMulti->perform()
#5 /var/tools/vendor/guzzle/http/Guzzle/Http/Curl/CurlMultiProxy.php(94): Guzzle\Http\Curl\CurlMulti->send()
#6 /var/tools/vendor/guzzle/http/Guzzle/Http/Client.php(284): Guzzle\Http\Curl\CurlMultiProxy->send()
#7 /var/tools/vendor/guzzle/http/Guzzle/Http/Message/Request.php(198): Guzzle\Http\Client->send(Object(Guzzle\Http\Message\Request))
#8 /var/tools/vendor/fabpot/goutte/Goutte/Client.php(140): Guzzle\Http\Message\Request->send()
#9 /var/tools/vendor/symfony/browser-kit/Client.php(327): Goutte\Client->doRequest(Object(Symfony\Component\BrowserKit\Request))
#10 /var/tools/vendor/behat/mink-browserkit-driver/src/BrowserKitDriver.php(144): Symfony\Component\BrowserKit\Client->request('GET', 'http://localhos...', Array, Array, Array)
#11 /var/tools/vendor/behat/mink/src/Session.php(143): Behat\Mink\Driver\BrowserKitDriver->visit('http://localhos...')
#12 /var/tools/vendor/behat/mink-extension/src/Behat/MinkExtension/Context/MinkContext.php(45): Behat\Mink\Session->visit('http://localhos...')
#13 /var/work/bootstrap/FeatureContext.php(38): Behat\MinkExtension\Context\MinkContext->visit('http://localhos...')
#14 [internal function]: FeatureContext->thatIAmOnTheHomepage()
#15 /var/tools/vendor/behat/behat/src/Behat/Behat/Definition/Annotation/Definition.php(155): call_user_func_array(Array, Array)
#16 /var/tools/vendor/behat/behat/src/Behat/Behat/Tester/StepTester.php(157): Behat\Behat\Definition\Annotation\Definition->run(Object(FeatureContext))
#17 /var/tools/vendor/behat/behat/src/Behat/Behat/Tester/StepTester.php(126): Behat\Behat\Tester\StepTester->executeStepDefinition(Object(Behat\Gherkin\Node\StepNode), Object(Behat\Behat\Definition\Annotation\Given))
#18 /var/tools/vendor/behat/behat/src/Behat/Behat/Tester/StepTester.php(95): Behat\Behat\Tester\StepTester->executeStep(Object(Behat\Gherkin\Node\StepNode))
#19 /var/tools/vendor/behat/gherkin/src/Behat/Gherkin/Node/AbstractNode.php(42): Behat\Behat\Tester\StepTester->visit(Object(Behat\Gherkin\Node\StepNode))
#20 /var/tools/vendor/behat/behat/src/Behat/Behat/Tester/ScenarioTester.php(148): Behat\Gherkin\Node\AbstractNode->accept(Object(Behat\Behat\Tester\StepTester))
#21 /var/tools/vendor/behat/behat/src/Behat/Behat/Tester/ScenarioTester.php(87): Behat\Behat\Tester\ScenarioTester->visitStep(Object(Behat\Gherkin\Node\StepNode), Object(Behat\Gherkin\Node\ScenarioNode), Object(FeatureContext), Array, false)
#22 /var/tools/vendor/behat/gherkin/src/Behat/Gherkin/Node/AbstractNode.php(42): Behat\Behat\Tester\ScenarioTester->visit(Object(Behat\Gherkin\Node\ScenarioNode))
#23 /var/tools/vendor/behat/behat/src/Behat/Behat/Tester/FeatureTester.php(88): Behat\Gherkin\Node\AbstractNode->accept(Object(Behat\Behat\Tester\ScenarioTester))
#24 /var/tools/vendor/behat/gherkin/src/Behat/Gherkin/Node/AbstractNode.php(42): Behat\Behat\Tester\FeatureTester->visit(Object(Behat\Gherkin\Node\FeatureNode))
#25 /var/tools/vendor/behat/behat/src/Behat/Behat/Console/Command/BehatCommand.php(150): Behat\Gherkin\Node\AbstractNode->accept(Object(Behat\Behat\Tester\FeatureTester))
#26 /var/tools/vendor/behat/behat/src/Behat/Behat/Console/Command/BehatCommand.php(128): Behat\Behat\Console\Command\BehatCommand->runFeatures(Object(Behat\Gherkin\Gherkin))
#27 /var/tools/vendor/symfony/console/Command/Command.php(259): Behat\Behat\Console\Command\BehatCommand->execute(Object(Symfony\Component\Console\Input\ArgvInput), Object(Symfony\Component\Console\Output\ConsoleOutput))
#28 /var/tools/vendor/symfony/console/Application.php(878): Symfony\Component\Console\Command\Command->run(Object(Symfony\Component\Console\Input\ArgvInput), Object(Symfony\Component\Console\Output\ConsoleOutput))
#29 /var/tools/vendor/symfony/console/Application.php(195): Symfony\Component\Console\Application->doRunCommand(Object(Behat\Behat\Console\Command\BehatCommand), Object(Symfony\Component\Console\Input\ArgvInput), Object(Symfony\Component\Console\Output\ConsoleOutput))
#30 /var/tools/vendor/behat/behat/src/Behat/Behat/Console/BehatApplication.php(68): Symfony\Component\Console\Application->doRun(Object(Symfony\Component\Console\Input\ArgvInput), Object(Symfony\Component\Console\Output\ConsoleOutput))
#31 /var/tools/vendor/symfony/console/Application.php(126): Behat\Behat\Console\BehatApplication->doRun(Object(Symfony\Component\Console\Input\ArgvInput), Object(Symfony\Component\Console\Output\ConsoleOutput))
#32 /var/tools/vendor/behat/behat/bin/behat(32): Symfony\Component\Console\Application->run()
#33 {main}
]]></failure>
    </testcase>
</testsuite>
